[debug] [2019-04-24T04:28:22.903Z] ----------------------------------------------------------------------
[debug] [2019-04-24T04:28:22.905Z] Command:       c:\program files\nodejs\node.exe C:\Users\Cam\AppData\Roaming\npm\node_modules\firebase-tools\lib\bin\firebase.js deploy
[debug] [2019-04-24T04:28:22.906Z] CLI Version:   6.4.0
[debug] [2019-04-24T04:28:22.906Z] Platform:      win32
[debug] [2019-04-24T04:28:22.906Z] Node Version:  v10.14.2
[debug] [2019-04-24T04:28:22.917Z] Time:          Tue Apr 23 2019 22:28:22 GMT-0600 (Mountain Daylight Time)
[debug] [2019-04-24T04:28:22.918Z] ----------------------------------------------------------------------
[debug] 
[debug] [2019-04-24T04:28:22.933Z] > command requires scopes: ["email","openid","https://www.googleapis.com/auth/cloudplatformprojects.readonly","https://www.googleapis.com/auth/firebase","https://www.googleapis.com/auth/cloud-platform"]
[debug] [2019-04-24T04:28:22.934Z] > authorizing via signed-in user
[debug] [2019-04-24T04:28:22.934Z] [iam] checking project ruff-and-ready for permissions ["firebase.projects.get","firebasehosting.sites.update"]
[debug] [2019-04-24T04:28:22.935Z] > refreshing access token with scopes: ["email","https://www.googleapis.com/auth/cloud-platform","https://www.googleapis.com/auth/cloudplatformprojects.readonly","https://www.googleapis.com/auth/firebase","openid"]
[debug] [2019-04-24T04:28:22.936Z] >>> HTTP REQUEST POST https://www.googleapis.com/oauth2/v3/token  
 <request body omitted>
[debug] [2019-04-24T04:28:23.176Z] <<< HTTP RESPONSE 200
[debug] [2019-04-24T04:28:23.182Z] >>> HTTP REQUEST POST https://cloudresourcemanager.googleapis.com/v1/projects/ruff-and-ready:testIamPermissions  

[debug] [2019-04-24T04:28:23.453Z] <<< HTTP RESPONSE 200
[debug] [2019-04-24T04:28:23.454Z] >>> HTTP REQUEST GET https://firebase.googleapis.com/v1beta1/projects/ruff-and-ready  
 
[debug] [2019-04-24T04:28:23.918Z] <<< HTTP RESPONSE 200
[info] 
[info] === Deploying to 'ruff-and-ready'...
[info] 
[info] i  deploying hosting
[debug] [2019-04-24T04:28:23.928Z] >>> HTTP REQUEST POST https://firebasehosting.googleapis.com/v1beta1/sites/ruff-and-ready/versions  

